# JRE version: Java(TM) SE Runtime Environment (8.0_91-b15) (build 1.8.0_91-b15)
# Java VM: Java HotSpot(TM) 64-Bit Server VM (25.91-b15 mixed mode windows-amd64 compressed oops)
Heap:
 PSYoungGen      total 29696K, used 5985K [0x00000000d5c00000, 0x00000000d7f00000, 0x0000000100000000)
  eden space 23552K, 13% used [0x00000000d5c00000,0x00000000d5f156f8,0x00000000d7300000)
  from space 6144K, 46% used [0x00000000d7300000,0x00000000d75c3030,0x00000000d7900000)
  to   space 6144K, 0% used [0x00000000d7900000,0x00000000d7900000,0x00000000d7f00000)
 ParOldGen       total 87552K, used 26297K [0x0000000081400000, 0x0000000086980000, 0x00000000d5c00000)
  object space 87552K, 30% used [0x0000000081400000,0x0000000082dae728,0x0000000086980000)
 Metaspace       used 11826K, capacity 11986K, committed 12160K, reserved 1060864K
  class space    used 1265K, capacity 1337K, committed 1408K, reserved 1048576K
GC Heap History (10 events):
Event: 39.628 GC heap before
{Heap before GC invocations=45 (full 0):
 PSYoungGen      total 29696K, used 26924K [0x00000000d5c00000, 0x00000000d7e80000, 0x0000000100000000)
  eden space 24064K, 100% used [0x00000000d5c00000,0x00000000d7380000,0x00000000d7380000)
  from space 5632K, 50% used [0x00000000d7900000,0x00000000d7bcb030,0x00000000d7e80000)
  to   space 5632K, 0% used [0x00000000d7380000,0x00000000d7380000,0x00000000d7900000)
 ParOldGen       total 87552K, used 23414K [0x0000000081400000, 0x0000000086980000, 0x00000000d5c00000)
  object space 87552K, 26% used [0x0000000081400000,0x0000000082add840,0x0000000086980000)
 Metaspace       used 11813K, capacity 11986K, committed 12160K, reserved 1060864K
  class space    used 1263K, capacity 1337K, committed 1408K, reserved 1048576K
Event: 39.630 GC heap after
Heap after GC invocations=45 (full 0):
 PSYoungGen      total 29696K, used 128K [0x00000000d5c00000, 0x00000000d7e80000, 0x0000000100000000)
  eden space 24064K, 0% used [0x00000000d5c00000,0x00000000d5c00000,0x00000000d7380000)
  from space 5632K, 2% used [0x00000000d7380000,0x00000000d73a0000,0x00000000d7900000)
  to   space 5632K, 0% used [0x00000000d7900000,0x00000000d7900000,0x00000000d7e80000)
 ParOldGen       total 87552K, used 23446K [0x0000000081400000, 0x0000000086980000, 0x00000000d5c00000)
  object space 87552K, 26% used [0x0000000081400000,0x0000000082ae5850,0x0000000086980000)
 Metaspace       used 11813K, capacity 11986K, committed 12160K, reserved 1060864K
  class space    used 1263K, capacity 1337K, committed 1408K, reserved 1048576K
}
Event: 40.289 GC heap before
{Heap before GC invocations=46 (full 0):
 PSYoungGen      total 29696K, used 23535K [0x00000000d5c00000, 0x00000000d7e80000, 0x0000000100000000)
  eden space 24064K, 97% used [0x00000000d5c00000,0x00000000d72dbe20,0x00000000d7380000)
  from space 5632K, 2% used [0x00000000d7380000,0x00000000d73a0000,0x00000000d7900000)
  to   space 5632K, 0% used [0x00000000d7900000,0x00000000d7900000,0x00000000d7e80000)
 ParOldGen       total 87552K, used 24346K [0x0000000081400000, 0x0000000086980000, 0x00000000d5c00000)
  object space 87552K, 27% used [0x0000000081400000,0x0000000082bc6860,0x0000000086980000)
 Metaspace       used 11818K, capacity 11986K, committed 12160K, reserved 1060864K
  class space    used 1263K, capacity 1337K, committed 1408K, reserved 1048576K
Event: 40.291 GC heap after
Heap after GC invocations=46 (full 0):
 PSYoungGen      total 29184K, used 4660K [0x00000000d5c00000, 0x00000000d7f80000, 0x0000000100000000)
  eden space 23552K, 0% used [0x00000000d5c00000,0x00000000d5c00000,0x00000000d7300000)
  from space 5632K, 82% used [0x00000000d7900000,0x00000000d7d8d050,0x00000000d7e80000)
  to   space 6144K, 0% used [0x00000000d7300000,0x00000000d7300000,0x00000000d7900000)
 ParOldGen       total 87552K, used 24378K [0x0000000081400000, 0x0000000086980000, 0x00000000d5c00000)
  object space 87552K, 27% used [0x0000000081400000,0x0000000082bce860,0x0000000086980000)
 Metaspace       used 11818K, capacity 11986K, committed 12160K, reserved 1060864K
  class space    used 1263K, capacity 1337K, committed 1408K, reserved 1048576K
}
Event: 41.010 GC heap before
{Heap before GC invocations=47 (full 0):
 PSYoungGen      total 29184K, used 28212K [0x00000000d5c00000, 0x00000000d7f80000, 0x0000000100000000)
  eden space 23552K, 100% used [0x00000000d5c00000,0x00000000d7300000,0x00000000d7300000)
  from space 5632K, 82% used [0x00000000d7900000,0x00000000d7d8d050,0x00000000d7e80000)
  to   space 6144K, 0% used [0x00000000d7300000,0x00000000d7300000,0x00000000d7900000)
 ParOldGen       total 87552K, used 24393K [0x0000000081400000, 0x0000000086980000, 0x00000000d5c00000)
  object space 87552K, 27% used [0x0000000081400000,0x0000000082bd26d8,0x0000000086980000)
 Metaspace       used 11818K, capacity 11986K, committed 12160K, reserved 1060864K
  class space    used 1263K, capacity 1337K, committed 1408K, reserved 1048576K
Event: 41.014 GC heap after
Heap after GC invocations=47 (full 0):
 PSYoungGen      total 29696K, used 4660K [0x00000000d5c00000, 0x00000000d8000000, 0x0000000100000000)
  eden space 23552K, 0% used [0x00000000d5c00000,0x00000000d5c00000,0x00000000d7300000)
  from space 6144K, 75% used [0x00000000d7300000,0x00000000d778d050,0x00000000d7900000)
  to   space 6656K, 0% used [0x00000000d7980000,0x00000000d7980000,0x00000000d8000000)
 ParOldGen       total 87552K, used 24425K [0x0000000081400000, 0x0000000086980000, 0x00000000d5c00000)
  object space 87552K, 27% used [0x0000000081400000,0x0000000082bda6e8,0x0000000086980000)
 Metaspace       used 11818K, capacity 11986K, committed 12160K, reserved 1060864K
  class space    used 1263K, capacity 1337K, committed 1408K, reserved 1048576K
}
Event: 41.597 GC heap before
{Heap before GC invocations=48 (full 0):
 PSYoungGen      total 29696K, used 28212K [0x00000000d5c00000, 0x00000000d8000000, 0x0000000100000000)
  eden space 23552K, 100% used [0x00000000d5c00000,0x00000000d7300000,0x00000000d7300000)
  from space 6144K, 75% used [0x00000000d7300000,0x00000000d778d050,0x00000000d7900000)
  to   space 6656K, 0% used [0x00000000d7980000,0x00000000d7980000,0x00000000d8000000)
 ParOldGen       total 87552K, used 24425K [0x0000000081400000, 0x0000000086980000, 0x00000000d5c00000)
  object space 87552K, 27% used [0x0000000081400000,0x0000000082bda6e8,0x0000000086980000)
 Metaspace       used 11818K, capacity 11986K, committed 12160K, reserved 1060864K
  class space    used 1263K, capacity 1337K, committed 1408K, reserved 1048576K
Event: 41.601 GC heap after
Heap after GC invocations=48 (full 0):
 PSYoungGen      total 29184K, used 2828K [0x00000000d5c00000, 0x00000000d7f00000, 0x0000000100000000)
  eden space 23552K, 0% used [0x00000000d5c00000,0x00000000d5c00000,0x00000000d7300000)
  from space 5632K, 50% used [0x00000000d7980000,0x00000000d7c43030,0x00000000d7f00000)
  to   space 6144K, 0% used [0x00000000d7300000,0x00000000d7300000,0x00000000d7900000)
 ParOldGen       total 87552K, used 26257K [0x0000000081400000, 0x0000000086980000, 0x00000000d5c00000)
  object space 87552K, 29% used [0x0000000081400000,0x0000000082da4718,0x0000000086980000)
 Metaspace       used 11818K, capacity 11986K, committed 12160K, reserved 1060864K
  class space    used 1263K, capacity 1337K, committed 1408K, reserved 1048576K
}
Event: 42.262 GC heap before
{Heap before GC invocations=49 (full 0):
 PSYoungGen      total 29184K, used 26380K [0x00000000d5c00000, 0x00000000d7f00000, 0x0000000100000000)
  eden space 23552K, 100% used [0x00000000d5c00000,0x00000000d7300000,0x00000000d7300000)
  from space 5632K, 50% used [0x00000000d7980000,0x00000000d7c43030,0x00000000d7f00000)
  to   space 6144K, 0% used [0x00000000d7300000,0x00000000d7300000,0x00000000d7900000)
 ParOldGen       total 87552K, used 26257K [0x0000000081400000, 0x0000000086980000, 0x00000000d5c00000)
  object space 87552K, 29% used [0x0000000081400000,0x0000000082da4718,0x0000000086980000)
 Metaspace       used 11818K, capacity 11986K, committed 12160K, reserved 1060864K
  class space    used 1263K, capacity 1337K, committed 1408K, reserved 1048576K
Event: 42.263 GC heap after
Heap after GC invocations=49 (full 0):
 PSYoungGen      total 29696K, used 2828K [0x00000000d5c00000, 0x00000000d7f00000, 0x0000000100000000)
  eden space 23552K, 0% used [0x00000000d5c00000,0x00000000d5c00000,0x00000000d7300000)
  from space 6144K, 46% used [0x00000000d7300000,0x00000000d75c3030,0x00000000d7900000)
  to   space 6144K, 0% used [0x00000000d7900000,0x00000000d7900000,0x00000000d7f00000)
 ParOldGen       total 87552K, used 26297K [0x0000000081400000, 0x0000000086980000, 0x00000000d5c00000)
  object space 87552K, 30% used [0x0000000081400000,0x0000000082dae728,0x0000000086980000)
 Metaspace       used 11818K, capacity 11986K, committed 12160K, reserved 1060864K
  class space    used 1263K, capacity 1337K, committed 1408K, reserved 1048576K
}

